<?xml version="1.0" encoding="UTF-8"?>
<!-- Generated by org.testng.reporters.JUnitReportReporter -->
<testsuite skipped="0" hostname="DESKTOP-HR3AO12" name="com.test.WeightWatcherTest" tests="1" failures="0" timestamp="30 Mar 2018 05:23:16 GMT" time="15.423" errors="0">
  <testcase name="testPage" time="15.423" classname="com.test.WeightWatcherTest"/>
</testsuite> <!-- com.test.WeightWatcherTest -->
