<?xml version="1.0" encoding="UTF-8"?>
<!-- Generated by org.testng.reporters.JUnitReportReporter -->
<testsuite skipped="0" hostname="DESKTOP-HR3AO12" name="com.test.WeightWatcherTest" tests="1" failures="0" timestamp="31 Mar 2018 23:18:16 GMT" time="40.922" errors="0">
  <testcase name="testPage" time="40.922" classname="com.test.WeightWatcherTest"/>
</testsuite> <!-- com.test.WeightWatcherTest -->
